-------------------------------------------------------------------------------
>Log Session: Wednesday, December 14, 2022 at 8:50:42 AM Central European Standard Time
>System Info: 
  Product Version         = Apache NetBeans IDE 14
  Operating System        = Windows 10 version 10.0 running on amd64
  Java; VM; Vendor        = 11.0.4; Java HotSpot(TM) 64-Bit Server VM 11.0.4+10-LTS; Oracle Corporation
  Runtime                 = Java(TM) SE Runtime Environment 11.0.4+10-LTS
  Java Home               = C:\Program Files\Java\jdk-11.0.4
  System Locale; Encoding = fr_FR (nb); Cp1252
  Home Directory          = C:\Users\yann.montenot
  Current Directory       = C:\Program Files\NetBeans-14\netbeans\bin
  User Directory          = C:\Users\yann.montenot\Documents\montenotyann.github.sio
  Cache Directory         = C:\Users\yann.montenot\Documents\montenotyann.github.sio\var\cache
  Installation            = C:\Program Files\NetBeans-14\netbeans\nb
                            C:\Program Files\NetBeans-14\netbeans\ergonomics
                            C:\Program Files\NetBeans-14\netbeans\ide
                            C:\Program Files\NetBeans-14\netbeans\extide
                            C:\Program Files\NetBeans-14\netbeans\java
                            C:\Program Files\NetBeans-14\netbeans\apisupport
                            C:\Program Files\NetBeans-14\netbeans\webcommon
                            C:\Program Files\NetBeans-14\netbeans\websvccommon
                            C:\Program Files\NetBeans-14\netbeans\enterprise
                            C:\Program Files\NetBeans-14\netbeans\profiler
                            C:\Program Files\NetBeans-14\netbeans\php
                            C:\Program Files\NetBeans-14\netbeans\harness
                            C:\Program Files\NetBeans-14\netbeans\cpplite
                            C:\Program Files\NetBeans-14\netbeans\groovy
                            C:\Program Files\NetBeans-14\netbeans\javafx
                            C:\Program Files\NetBeans-14\netbeans\platform
  Boot & Ext. Classpath   = 
  Application Classpath   = C:\Program Files\NetBeans-14\netbeans\platform\lib\boot.jar;C:\Program Files\NetBeans-14\netbeans\platform\lib\org-openide-modules.jar;C:\Program Files\NetBeans-14\netbeans\platform\lib\org-openide-util-lookup.jar;C:\Program Files\NetBeans-14\netbeans\platform\lib\org-openide-util-ui.jar;C:\Program Files\NetBeans-14\netbeans\platform\lib\org-openide-util.jar
  Startup Classpath       = C:\Program Files\NetBeans-14\netbeans\platform\core\asm-9.2.jar;C:\Program Files\NetBeans-14\netbeans\platform\core\asm-commons-9.2.jar;C:\Program Files\NetBeans-14\netbeans\platform\core\asm-tree-9.2.jar;C:\Program Files\NetBeans-14\netbeans\platform\core\core-base.jar;C:\Program Files\NetBeans-14\netbeans\platform\core\core.jar;C:\Program Files\NetBeans-14\netbeans\platform\core\org-netbeans-libs-asm.jar;C:\Program Files\NetBeans-14\netbeans\platform\core\org-openide-filesystems-compat8.jar;C:\Program Files\NetBeans-14\netbeans\platform\core\org-openide-filesystems.jar;C:\Program Files\NetBeans-14\netbeans\nb\core\org-netbeans-upgrader.jar;C:\Program Files\NetBeans-14\netbeans\nb\core\locale\core_nb.jar
-------------------------------------------------------------------------------
INFO [org.netbeans.modules.netbinox]: Install area set to file:/C:/Program Files/NetBeans-14/netbeans/
WARNING [org.netbeans.core.modules]: the modules [org.netbeans.modules.xml.text] use org.netbeans.modules.editor.deprecated.pre65formatting which is deprecated.
WARNING [org.netbeans.core.modules]: the modules [org.netbeans.modules.ide.kit, org.netbeans.modules.xml.text] use org.netbeans.modules.editor.structure which is deprecated.
INFO [org.netbeans.core.startup.NbEvents]: Turning on modules:
	slf4j.jdk14 [1.7.28 1.7.28]
	slf4j.api [1.7.28 1.7.28]
	org.openide.util.lookup [8.50 14-c4f2d87113e1a2d2d4e21e8952e1f99612d5b3fd]
	org.openide.util [9.24 14-c4f2d87113e1a2d2d4e21e8952e1f99612d5b3fd]
	org.openide.util.ui [9.24 14-c4f2d87113e1a2d2d4e21e8952e1f99612d5b3fd]
	org.openide.modules [7.64 14-c4f2d87113e1a2d2d4e21e8952e1f99612d5b3fd]
	org.netbeans.api.annotations.common/1 [1.44 14-c4f2d87113e1a2d2d4e21e8952e1f99612d5b3fd]
	org.openide.filesystems [9.28 14-c4f2d87113e1a2d2d4e21e8952e1f99612d5b3fd]
	org.openide.awt [7.84 14-c4f2d87113e1a2d2d4e21e8952e1f99612d5b3fd]
	org.netbeans.api.progress/1 [1.64 14-c4f2d87113e1a2d2d4e21e8952e1f99612d5b3fd]
	org.netbeans.api.progress.nb [1.64 14-c4f2d87113e1a2d2d4e21e8952e1f99612d5b3fd]
	org.openide.dialogs [7.61 14-c4f2d87113e1a2d2d4e21e8952e1f99612d5b3fd]
	org.openide.nodes [7.61 14-c4f2d87113e1a2d2d4e21e8952e1f99612d5b3fd]
	org.openide.windows [6.93 14-c4f2d87113e1a2d2d4e21e8952e1f99612d5b3fd]
	org.netbeans.libs.batik.read [1.9.0.1 1 14-c4f2d87113e1a2d2d4e21e8952e1f99612d5b3fd]
	org.openide.util.ui.svg [1.10 14-c4f2d87113e1a2d2d4e21e8952e1f99612d5b3fd]
	org.netbeans.modules.editor.mimelookup/1 [1.56 14-c4f2d87113e1a2d2d4e21e8952e1f99612d5b3fd]
	org.openide.text [6.84 14-c4f2d87113e1a2d2d4e21e8952e1f99612d5b3fd]
	org.netbeans.api.scripting [1.13 14-c4f2d87113e1a2d2d4e21e8952e1f99612d5b3fd]
	org.netbeans.swing.tabcontrol [1.72 14-c4f2d87113e1a2d2d4e21e8952e1f99612d5b3fd]
	org.netbeans.swing.outline [1.50 14-c4f2d87113e1a2d2d4e21e8952e1f99612d5b3fd]
	org.openide.explorer [6.78 14-c4f2d87113e1a2d2d4e21e8952e1f99612d5b3fd]
	org.openide.actions [6.55 14-c4f2d87113e1a2d2d4e21e8952e1f99612d5b3fd]
	org.netbeans.modules.queries/1 [1.59 14-c4f2d87113e1a2d2d4e21e8952e1f99612d5b3fd]
	org.netbeans.api.templates [1.24 14-c4f2d87113e1a2d2d4e21e8952e1f99612d5b3fd]
	org.openide.filesystems.nb [9.26 14-c4f2d87113e1a2d2d4e21e8952e1f99612d5b3fd]
	org.openide.loaders [7.86 14-c4f2d87113e1a2d2d4e21e8952e1f99612d5b3fd]
	org.netbeans.api.intent [1.18 14-c4f2d87113e1a2d2d4e21e8952e1f99612d5b3fd]
	org.netbeans.api.io [1.19 14-c4f2d87113e1a2d2d4e21e8952e1f99612d5b3fd]
	org.openide.io [1.65 14-c4f2d87113e1a2d2d4e21e8952e1f99612d5b3fd]
	org.openide.filesystems.compat8 [9.25 14-c4f2d87113e1a2d2d4e21e8952e1f99612d5b3fd]
	org.openide.execution [9.19 14-c4f2d87113e1a2d2d4e21e8952e1f99612d5b3fd]
	org.openide.execution.compat8 [9.18 14-c4f2d87113e1a2d2d4e21e8952e1f99612d5b3fd]
	org.netbeans.upgrader [4.51 14-c4f2d87113e1a2d2d4e21e8952e1f99612d5b3fd]
	org.netbeans.swing.plaf [1.58 14-c4f2d87113e1a2d2d4e21e8952e1f99612d5b3fd]
	org.netbeans.modules.keyring [1.40 14-c4f2d87113e1a2d2d4e21e8952e1f99612d5b3fd]
	org.netbeans.libs.asm [5.19 14-c4f2d87113e1a2d2d4e21e8952e1f99612d5b3fd]
	org.netbeans.bootstrap/1 [2.94 14-c4f2d87113e1a2d2d4e21e8952e1f99612d5b3fd]
	org.netbeans.core.startup.base [1.78.0.1 1 14-c4f2d87113e1a2d2d4e21e8952e1f99612d5b3fd]
	org.netbeans.core.startup/1 [1.78.0.1 14-c4f2d87113e1a2d2d4e21e8952e1f99612d5b3fd]
	org.netbeans.modules.sampler [1.30 14-c4f2d87113e1a2d2d4e21e8952e1f99612d5b3fd]
	org.netbeans.core/2 [3.67 14-c4f2d87113e1a2d2d4e21e8952e1f99612d5b3fd]
	org.netbeans.spi.quicksearch [1.43 14-c4f2d87113e1a2d2d4e21e8952e1f99612d5b3fd]
	org.netbeans.modules.options.api/1 [1.61 14-c4f2d87113e1a2d2d4e21e8952e1f99612d5b3fd]
	org.netbeans.libs.flatlaf/1 [1.10 14-c4f2d87113e1a2d2d4e21e8952e1f99612d5b3fd]
	org.netbeans.swing.laf.flatlaf [1.9 14-c4f2d87113e1a2d2d4e21e8952e1f99612d5b3fd]
	org.netbeans.swing.laf.dark/1 [2.11.0.2 2 14-c4f2d87113e1a2d2d4e21e8952e1f99612d5b3fd]
	org.netbeans.modules.projectapi/1 [1.86 14-c4f2d87113e1a2d2d4e21e8952e1f99612d5b3fd]
	org.netbeans.swing.dirchooser [1.45 14-c4f2d87113e1a2d2d4e21e8952e1f99612d5b3fd]
	org.netbeans.spi.viewmodel/2 [1.67 14-c4f2d87113e1a2d2d4e21e8952e1f99612d5b3fd]
	org.netbeans.spi.tasklist/1 [1.51.0.1 1 14-c4f2d87113e1a2d2d4e21e8952e1f99612d5b3fd]
	org.netbeans.spi.palette/1 [1.62 14-c4f2d87113e1a2d2d4e21e8952e1f99612d5b3fd]
	org.netbeans.spi.navigator/1 [1.54 14-c4f2d87113e1a2d2d4e21e8952e1f99612d5b3fd]
	org.netbeans.modules.editor.settings/1 [1.73 14-c4f2d87113e1a2d2d4e21e8952e1f99612d5b3fd]
	org.netbeans.modules.editor.util/1 [1.81 14-c4f2d87113e1a2d2d4e21e8952e1f99612d5b3fd]
	org.netbeans.modules.editor.document [1.25.0.3 3 14-c4f2d87113e1a2d2d4e21e8952e1f99612d5b3fd]
	org.netbeans.modules.lexer/2 [1.79.0.1 1 14-c4f2d87113e1a2d2d4e21e8952e1f99612d5b3fd]
	org.netbeans.modules.editor.lib2/1 [2.36.0.55.3 55 14-c4f2d87113e1a2d2d4e21e8952e1f99612d5b3fd]
	org.netbeans.api.lsp/1 [1.9 14-c4f2d87113e1a2d2d4e21e8952e1f99612d5b3fd]
	org.netbeans.modules.editor.settings.lib [1.67.0.1 1 14-c4f2d87113e1a2d2d4e21e8952e1f99612d5b3fd]
	org.netbeans.modules.editor.fold/1 [1.61 14-c4f2d87113e1a2d2d4e21e8952e1f99612d5b3fd]
	org.netbeans.modules.editor.indent/2 [1.59 14-c4f2d87113e1a2d2d4e21e8952e1f99612d5b3fd]
	org.netbeans.modules.editor.guards/1 [1.49 14-c4f2d87113e1a2d2d4e21e8952e1f99612d5b3fd]
	org.netbeans.modules.editor.lib/3 [4.23.0.23.3.55 23 14-c4f2d87113e1a2d2d4e21e8952e1f99612d5b3fd]
	org.netbeans.spi.editor.hints/0 [1.58.0.8.55 8 14-c4f2d87113e1a2d2d4e21e8952e1f99612d5b3fd]
	org.netbeans.modules.projectuiapi.base/1 [1.102.0.9 9 14-c4f2d87113e1a2d2d4e21e8952e1f99612d5b3fd]
	org.netbeans.modules.projectuiapi/1 [1.105.0.8 8 14-c4f2d87113e1a2d2d4e21e8952e1f99612d5b3fd]
	org.netbeans.modules.editor.tools.storage [1.24 14-c4f2d87113e1a2d2d4e21e8952e1f99612d5b3fd]
	org.netbeans.modules.options.keymap [1.53 14-c4f2d87113e1a2d2d4e21e8952e1f99612d5b3fd]
	org.netbeans.modules.editor.settings.storage/1 [1.68.0.1 14-c4f2d87113e1a2d2d4e21e8952e1f99612d5b3fd]
	org.netbeans.modules.editor.fold.nbui [1.28.0.55 14-c4f2d87113e1a2d2d4e21e8952e1f99612d5b3fd]
	org.netbeans.modules.editor/3 [1.103.0.6.3.23.55 6 14-c4f2d87113e1a2d2d4e21e8952e1f99612d5b3fd]
	org.netbeans.modules.options.editor/1 [1.76 14-c4f2d87113e1a2d2d4e21e8952e1f99612d5b3fd]
	org.netbeans.spi.editor.hints.projects [1.27.0.1.8 1 14-c4f2d87113e1a2d2d4e21e8952e1f99612d5b3fd]
	org.netbeans.api.debugger/1 [1.71 14-c4f2d87113e1a2d2d4e21e8952e1f99612d5b3fd]
	org.netbeans.spi.debugger.ui/1 [2.74 14-c4f2d87113e1a2d2d4e21e8952e1f99612d5b3fd]
	org.netbeans.core.multiview/1 [1.60 14-c4f2d87113e1a2d2d4e21e8952e1f99612d5b3fd]
	org.netbeans.api.xml/1 [1.60 14-c4f2d87113e1a2d2d4e21e8952e1f99612d5b3fd]
	org.netbeans.modules.xml.core/2 [1.59.0.4 4 14-c4f2d87113e1a2d2d4e21e8952e1f99612d5b3fd]
	org.netbeans.modules.xml.xam/1 [1.48.0.1 1 14-c4f2d87113e1a2d2d4e21e8952e1f99612d5b3fd]
	org.netbeans.api.xml.ui/1 [1.60 14-c4f2d87113e1a2d2d4e21e8952e1f99612d5b3fd]
	org.apache.xml.resolver [1.47.0.12 12 14-c4f2d87113e1a2d2d4e21e8952e1f99612d5b3fd]
	org.netbeans.modules.xml.retriever/1 [1.47 14-c4f2d87113e1a2d2d4e21e8952e1f99612d5b3fd]
	org.netbeans.modules.xml.schema.model/1 [1.48.0.1 1 14-c4f2d87113e1a2d2d4e21e8952e1f99612d5b3fd]
	org.netbeans.modules.xml.axi [1.49 14-c4f2d87113e1a2d2d4e21e8952e1f99612d5b3fd]
	org.netbeans.modules.editor.indent.support [1.58 14-c4f2d87113e1a2d2d4e21e8952e1f99612d5b3fd]
	org.netbeans.api.java.classpath/1 [1.70 14-c4f2d87113e1a2d2d4e21e8952e1f99612d5b3fd]
	org.netbeans.libs.lucene/3 [3.35 14-c4f2d87113e1a2d2d4e21e8952e1f99612d5b3fd]
	org.netbeans.modules.masterfs/2 [2.71.0.2 2 14-c4f2d87113e1a2d2d4e21e8952e1f99612d5b3fd]
	org.netbeans.modules.parsing.lucene/2 [2.52.0.1 1 14-c4f2d87113e1a2d2d4e21e8952e1f99612d5b3fd]
	org.netbeans.modules.parsing.api/1 [9.23.0.8 8 14-c4f2d87113e1a2d2d4e21e8952e1f99612d5b3fd]
	org.netbeans.modules.editor.breadcrumbs/0 [1.33 14-c4f2d87113e1a2d2d4e21e8952e1f99612d5b3fd]
	org.netbeans.modules.editor.bracesmatching/0 [1.55.0.55 14-c4f2d87113e1a2d2d4e21e8952e1f99612d5b3fd]
	org.netbeans.modules.editor.deprecated.pre65formatting/0 [1.47.0.1.6.23.55 1 14-c4f2d87113e1a2d2d4e21e8952e1f99612d5b3fd]
	org.netbeans.modules.editor.errorstripe.api/1 [2.48.0.1 1 14-c4f2d87113e1a2d2d4e21e8952e1f99612d5b3fd]
	org.netbeans.modules.editor.errorstripe/2 [2.50.0.1.1 1 14-c4f2d87113e1a2d2d4e21e8952e1f99612d5b3fd]
	org.netbeans.modules.editor.completion/1 [1.61.0.2 2 14-c4f2d87113e1a2d2d4e21e8952e1f99612d5b3fd]
	org.netbeans.modules.editor.codetemplates/1 [1.60.0.1 1 14-c4f2d87113e1a2d2d4e21e8952e1f99612d5b3fd]
	org.netbeans.modules.editor.actions/1 [1.47.0.55 14-c4f2d87113e1a2d2d4e21e8952e1f99612d5b3fd]
	org.netbeans.modules.project.indexingbridge [1.33 14-c4f2d87113e1a2d2d4e21e8952e1f99612d5b3fd]
	org.netbeans.modules.parsing.indexing [9.25.0.1.3.8 1 14-c4f2d87113e1a2d2d4e21e8952e1f99612d5b3fd]
	org.netbeans.modules.diff/1 [1.67.0.42.1 42 14-c4f2d87113e1a2d2d4e21e8952e1f99612d5b3fd]
	org.netbeans.modules.refactoring.api [1.63.0.1 1 14-c4f2d87113e1a2d2d4e21e8952e1f99612d5b3fd]
	org.netbeans.modules.csl.types/1 [1.16 14-c4f2d87113e1a2d2d4e21e8952e1f99612d5b3fd]
	org.netbeans.core.ui/1 [1.61 14-c4f2d87113e1a2d2d4e21e8952e1f99612d5b3fd]
	org.netbeans.api.search [1.37 14-c4f2d87113e1a2d2d4e21e8952e1f99612d5b3fd]
	org.netbeans.modules.jumpto/1 [1.71.0.1 1 14-c4f2d87113e1a2d2d4e21e8952e1f99612d5b3fd]
	org.netbeans.modules.csl.api/2 [2.73.0.2.1.1.8.1 2 14-c4f2d87113e1a2d2d4e21e8952e1f99612d5b3fd]
	org.netbeans.modules.editor.structure/1 [1.63.0.1 1 14-c4f2d87113e1a2d2d4e21e8952e1f99612d5b3fd]
	org.netbeans.modules.xml.lexer [1.46 14-c4f2d87113e1a2d2d4e21e8952e1f99612d5b3fd]
	org.netbeans.modules.xml.text/2 [1.75.0.1 1 14-c4f2d87113e1a2d2d4e21e8952e1f99612d5b3fd]
	org.netbeans.modules.xml [1.49 14-c4f2d87113e1a2d2d4e21e8952e1f99612d5b3fd]
	org.netbeans.modules.servletapi/1 [1.55 14-c4f2d87113e1a2d2d4e21e8952e1f99612d5b3fd]
	org.netbeans.modules.httpserver/2 [2.52.0.42 42 14-c4f2d87113e1a2d2d4e21e8952e1f99612d5b3fd]
	org.netbeans.modules.xsl/1 [1.60 14-c4f2d87113e1a2d2d4e21e8952e1f99612d5b3fd]
	org.netbeans.modules.xml.xdm/1 [1.50.0.1 1 14-c4f2d87113e1a2d2d4e21e8952e1f99612d5b3fd]
	org.netbeans.libs.xerces/1 [1.54.0.281 281 14-c4f2d87113e1a2d2d4e21e8952e1f99612d5b3fd]
	org.netbeans.modules.xml.tax/2 [1.60.0.281 14-c4f2d87113e1a2d2d4e21e8952e1f99612d5b3fd]
	org.netbeans.modules.xml.tools/2 [1.59 14-c4f2d87113e1a2d2d4e21e8952e1f99612d5b3fd]
	org.netbeans.modules.xml.schema.completion [1.47 14-c4f2d87113e1a2d2d4e21e8952e1f99612d5b3fd]
	org.netbeans.modules.xml.catalog/2 [3.20.0.4 4 14-c4f2d87113e1a2d2d4e21e8952e1f99612d5b3fd]
	org.netbeans.modules.xml.catalog.ui [2.19.0.4 14-c4f2d87113e1a2d2d4e21e8952e1f99612d5b3fd]
	org.netbeans.core.execution/1 [1.58 14-c4f2d87113e1a2d2d4e21e8952e1f99612d5b3fd]
	org.netbeans.modules.sendopts/2 [2.52 14-c4f2d87113e1a2d2d4e21e8952e1f99612d5b3fd]
	org.netbeans.modules.favorites/1 [1.62 14-c4f2d87113e1a2d2d4e21e8952e1f99612d5b3fd]
	org.netbeans.modules.projectui [1.75.0.8.9 14-c4f2d87113e1a2d2d4e21e8952e1f99612d5b3fd]
	org.netbeans.modules.welcome/1 [1.58 14-c4f2d87113e1a2d2d4e21e8952e1f99612d5b3fd]
	org.netbeans.libs.json_simple/1 [0.28 14-c4f2d87113e1a2d2d4e21e8952e1f99612d5b3fd]
	org.netbeans.modules.web.common [1.115 14-c4f2d87113e1a2d2d4e21e8952e1f99612d5b3fd]
	org.netbeans.modules.web.indent [1.36 14-c4f2d87113e1a2d2d4e21e8952e1f99612d5b3fd]
	org.netbeans.modules.extexecution.base/2 [1.22 14-c4f2d87113e1a2d2d4e21e8952e1f99612d5b3fd]
	org.netbeans.modules.extexecution/2 [1.65 14-c4f2d87113e1a2d2d4e21e8952e1f99612d5b3fd]
	org.netbeans.modules.web.common.ui [1.17 14-c4f2d87113e1a2d2d4e21e8952e1f99612d5b3fd]
	org.netbeans.modules.gsf.testrunner/2 [2.28 14-c4f2d87113e1a2d2d4e21e8952e1f99612d5b3fd]
	org.netbeans.modules.gsf.testrunner.ui [1.31.0.1 14-c4f2d87113e1a2d2d4e21e8952e1f99612d5b3fd]
	org.netbeans.modules.gototest/1 [1.49 14-c4f2d87113e1a2d2d4e21e8952e1f99612d5b3fd]
	org.netbeans.modules.project.libraries/1 [1.69 14-c4f2d87113e1a2d2d4e21e8952e1f99612d5b3fd]
	org.netbeans.modules.project.libraries.ui/1 [1.68 14-c4f2d87113e1a2d2d4e21e8952e1f99612d5b3fd]
	org.netbeans.modules.html.indexing [1.6 14-c4f2d87113e1a2d2d4e21e8952e1f99612d5b3fd]
	org.netbeans.modules.extbrowser/1 [1.69 14-c4f2d87113e1a2d2d4e21e8952e1f99612d5b3fd]
	org.netbeans.modules.settings/1 [1.65 14-c4f2d87113e1a2d2d4e21e8952e1f99612d5b3fd]
	org.netbeans.modules.web.browser.api [1.61 14-c4f2d87113e1a2d2d4e21e8952e1f99612d5b3fd]
	org.netbeans.modules.gsf.codecoverage [1.48 14-c4f2d87113e1a2d2d4e21e8952e1f99612d5b3fd]
	org.netbeans.modules.project.spi.intern [1.19 14-c4f2d87113e1a2d2d4e21e8952e1f99612d5b3fd]
	org.netbeans.modules.project.ant/1 [1.83 14-c4f2d87113e1a2d2d4e21e8952e1f99612d5b3fd]
	org.netbeans.modules.web.clientproject.api [1.120 14-c4f2d87113e1a2d2d4e21e8952e1f99612d5b3fd]
	org.netbeans.modules.versioning.core/1 [1.47.0.1.42 1 14-c4f2d87113e1a2d2d4e21e8952e1f99612d5b3fd]
	org.netbeans.modules.versioning/1 [1.63.0.1 1 14-c4f2d87113e1a2d2d4e21e8952e1f99612d5b3fd]
	org.netbeans.modules.spellchecker.apimodule [1.41 14-c4f2d87113e1a2d2d4e21e8952e1f99612d5b3fd]
	org.netbeans.modules.versioning.util [1.86.0.42.1 14-c4f2d87113e1a2d2d4e21e8952e1f99612d5b3fd]
	org.netbeans.modules.team.commons [1.66 14-c4f2d87113e1a2d2d4e21e8952e1f99612d5b3fd]
	org.netbeans.modules.versioning.ui/1 [1.38.0.42.1 14-c4f2d87113e1a2d2d4e21e8952e1f99612d5b3fd]
	org.netbeans.modules.autoupdate.services [1.71 14-c4f2d87113e1a2d2d4e21e8952e1f99612d5b3fd]
	org.netbeans.modules.autoupdate.ui [1.62 14-c4f2d87113e1a2d2d4e21e8952e1f99612d5b3fd]
	org.netbeans.modules.versioning.system.cvss.installer [1.32 14-c4f2d87113e1a2d2d4e21e8952e1f99612d5b3fd]
	org.netbeans.modules.masterfs.ui [2.19.0.2 14-c4f2d87113e1a2d2d4e21e8952e1f99612d5b3fd]
	org.netbeans.modules.versioning.masterfs [1.30 14-c4f2d87113e1a2d2d4e21e8952e1f99612d5b3fd]
	org.netbeans.modules.versioning.indexingbridge/0 [1.41 14-c4f2d87113e1a2d2d4e21e8952e1f99612d5b3fd]
	org.netbeans.modules.utilities/1 [1.77 14-c4f2d87113e1a2d2d4e21e8952e1f99612d5b3fd]
	org.netbeans.modules.utilities.project/1 [1.54 14-c4f2d87113e1a2d2d4e21e8952e1f99612d5b3fd]
	org.netbeans.modules.javahelp/1 [2.57 14-c4f2d87113e1a2d2d4e21e8952e1f99612d5b3fd]
	org.netbeans.modules.usersguide/1 [1.64 14-c4f2d87113e1a2d2d4e21e8952e1f99612d5b3fd]
	org.netbeans.modules.updatecenters/1 [1.56 14-c4f2d87113e1a2d2d4e21e8952e1f99612d5b3fd]
	org.netbeans.libs.jcodings/1 [0.5 14-c4f2d87113e1a2d2d4e21e8952e1f99612d5b3fd]
	com.google.gson [2.8.9 2.8.9]
	org.netbeans.modules.textmate.lexer/0 [1.16.0.1 1 14-c4f2d87113e1a2d2d4e21e8952e1f99612d5b3fd]
	org.netbeans.modules.terminal [1.43 14-c4f2d87113e1a2d2d4e21e8952e1f99612d5b3fd]
	org.netbeans.lib.terminalemulator [1.53 14-c4f2d87113e1a2d2d4e21e8952e1f99612d5b3fd]
	org.netbeans.modules.terminal.nb [1.16 14-c4f2d87113e1a2d2d4e21e8952e1f99612d5b3fd]
	org.netbeans.modules.templates/1 [1.23 14-c4f2d87113e1a2d2d4e21e8952e1f99612d5b3fd]
	org.netbeans.modules.team.ide [1.29 14-c4f2d87113e1a2d2d4e21e8952e1f99612d5b3fd]
	org.netbeans.modules.tasklist.ui/1 [1.47.0.1.1 1 14-c4f2d87113e1a2d2d4e21e8952e1f99612d5b3fd]
	org.netbeans.modules.tasklist.todo/1 [1.47.0.1 1 14-c4f2d87113e1a2d2d4e21e8952e1f99612d5b3fd]
	org.netbeans.modules.tasklist.projectint/1 [1.45 14-c4f2d87113e1a2d2d4e21e8952e1f99612d5b3fd]
	org.netbeans.modules.tasklist.kit [1.44 14-c4f2d87113e1a2d2d4e21e8952e1f99612d5b3fd]
	org.netbeans.libs.ini4j/1 [1.50 14-c4f2d87113e1a2d2d4e21e8952e1f99612d5b3fd]
	org.netbeans.libs.svnClientAdapter/1 [1.56 14-c4f2d87113e1a2d2d4e21e8952e1f99612d5b3fd]
	org.netbeans.modules.subversion [1.57.0.42.1 14-c4f2d87113e1a2d2d4e21e8952e1f99612d5b3fd]
	org.netbeans.modules.editor.plain.lib/1 [1.49 14-c4f2d87113e1a2d2d4e21e8952e1f99612d5b3fd]
	org.netbeans.modules.spellchecker [1.51.0.1.8 1 14-c4f2d87113e1a2d2d4e21e8952e1f99612d5b3fd]
	org.netbeans.modules.spellchecker.kit [1.41 14-c4f2d87113e1a2d2d4e21e8952e1f99612d5b3fd]
	org.netbeans.modules.spellchecker.dictionary_en [1.38 14-c4f2d87113e1a2d2d4e21e8952e1f99612d5b3fd]
	org.netbeans.modules.properties/1 [1.71 14-c4f2d87113e1a2d2d4e21e8952e1f99612d5b3fd]
	org.netbeans.modules.properties.syntax/1 [1.66 14-c4f2d87113e1a2d2d4e21e8952e1f99612d5b3fd]
	org.netbeans.modules.spellchecker.bindings.properties [1.38 14-c4f2d87113e1a2d2d4e21e8952e1f99612d5b3fd]
	org.netbeans.modules.html.lexer/1 [1.54 14-c4f2d87113e1a2d2d4e21e8952e1f99612d5b3fd]
	org.netbeans.modules.spellchecker.bindings.htmlxml [1.43 14-c4f2d87113e1a2d2d4e21e8952e1f99612d5b3fd]
	org.netbeans.core.ide/1 [1.57 14-c4f2d87113e1a2d2d4e21e8952e1f99612d5b3fd]
	org.netbeans.modules.server/0 [1.49 14-c4f2d87113e1a2d2d4e21e8952e1f99612d5b3fd]
	org.netbeans.modules.selenium2.server [1.19 14-c4f2d87113e1a2d2d4e21e8952e1f99612d5b3fd]
	org.netbeans.modules.selenium2 [1.21 14-c4f2d87113e1a2d2d4e21e8952e1f99612d5b3fd]
	org.netbeans.modules.selenium2.webclient [1.23 14-c4f2d87113e1a2d2d4e21e8952e1f99612d5b3fd]
	org.netbeans.modules.projectapi.nb [1.20 14-c4f2d87113e1a2d2d4e21e8952e1f99612d5b3fd]
	org.netbeans.modules.project.spi.intern.impl [1.19 14-c4f2d87113e1a2d2d4e21e8952e1f99612d5b3fd]
	org.netbeans.modules.project.ant.compat8/1 [1.83 14-c4f2d87113e1a2d2d4e21e8952e1f99612d5b3fd]
	org.netbeans.modules.progress.ui [1.49 14-c4f2d87113e1a2d2d4e21e8952e1f99612d5b3fd]
	org.netbeans.modules.print.editor [7.42 14-c4f2d87113e1a2d2d4e21e8952e1f99612d5b3fd]
	org.netbeans.modules.print [7.42 14-c4f2d87113e1a2d2d4e21e8952e1f99612d5b3fd]
	org.netbeans.modules.parsing.ui [1.30.0.1 14-c4f2d87113e1a2d2d4e21e8952e1f99612d5b3fd]
	org.netbeans.modules.parsing.nb [1.20.0.8.1 14-c4f2d87113e1a2d2d4e21e8952e1f99612d5b3fd]
	org.netbeans.core.windows/2 [2.101 14-c4f2d87113e1a2d2d4e21e8952e1f99612d5b3fd]
	org.netbeans.modules.notifications [1.24 14-c4f2d87113e1a2d2d4e21e8952e1f99612d5b3fd]
	org.netbeans.libs.osgi [1.38 14-c4f2d87113e1a2d2d4e21e8952e1f99612d5b3fd]
	org.netbeans.core.netigso [1.47 14-c4f2d87113e1a2d2d4e21e8952e1f99612d5b3fd]
	org.netbeans.modules.netbinox [1.57 14-c4f2d87113e1a2d2d4e21e8952e1f99612d5b3fd]
	org.netbeans.modules.nativeimage.api/0 [0.8 14-c4f2d87113e1a2d2d4e21e8952e1f99612d5b3fd]
	org.eclipse.mylyn.commons.net [3.17.0 3.17.0.v20150706-2057]
	org.eclipse.mylyn.tasks.core [3.17.0 3.17.0.v20150828-2026]
	org.eclipse.core.jobs [3.5.100 3.5.100.v20110404]
	org.eclipse.mylyn.wikitext.core [2.6.0 2.6.0.v20150901-2143]
	org.netbeans.modules.bugtracking [1.125 14-c4f2d87113e1a2d2d4e21e8952e1f99612d5b3fd]
	org.eclipse.equinox.common [3.6.0 3.6.0.v20110523]
	org.eclipse.core.runtime [3.7.0 3.7.0.v20110110]
	org.netbeans.modules.mylyn.util [1.52 14-c4f2d87113e1a2d2d4e21e8952e1f99612d5b3fd]
	org.netbeans.modules.mercurial [1.58.0.42.1 14-c4f2d87113e1a2d2d4e21e8952e1f99612d5b3fd]
	org.netbeans.libs.jna/2 [2.11 14-c4f2d87113e1a2d2d4e21e8952e1f99612d5b3fd]
	org.netbeans.modules.masterfs.windows [1.32 14-c4f2d87113e1a2d2d4e21e8952e1f99612d5b3fd]
	org.netbeans.modules.masterfs.nio2 [1.31 14-c4f2d87113e1a2d2d4e21e8952e1f99612d5b3fd]
	org.netbeans.modules.markdown [1.4 14-c4f2d87113e1a2d2d4e21e8952e1f99612d5b3fd]
	org.netbeans.libs.flexmark [1.9 14-c4f2d87113e1a2d2d4e21e8952e1f99612d5b3fd]
	com.google.guava [27.0.0 27.0.0.jre]
	org.netbeans.modules.lsp.client/0 [1.16.0.1.1 1 14-c4f2d87113e1a2d2d4e21e8952e1f99612d5b3fd]
	org.netbeans.modules.bugtracking.commons [1.24 14-c4f2d87113e1a2d2d4e21e8952e1f99612d5b3fd]
	org.netbeans.modules.localtasks [1.41 14-c4f2d87113e1a2d2d4e21e8952e1f99612d5b3fd]
	org.netbeans.modules.localhistory [1.50 14-c4f2d87113e1a2d2d4e21e8952e1f99612d5b3fd]
	org.netbeans.modules.lexer.nbbridge/1 [1.48.0.1 14-c4f2d87113e1a2d2d4e21e8952e1f99612d5b3fd]
	org.netbeans.libs.snakeyaml_engine/2 [2.5 14-c4f2d87113e1a2d2d4e21e8952e1f99612d5b3fd]
	org.netbeans.modules.languages.yaml [2.48 14-c4f2d87113e1a2d2d4e21e8952e1f99612d5b3fd]
	org.netbeans.modules.languages.manifest [1.48 14-c4f2d87113e1a2d2d4e21e8952e1f99612d5b3fd]
	org.netbeans.modules.languages.diff [1.49 14-c4f2d87113e1a2d2d4e21e8952e1f99612d5b3fd]
	org.netbeans.modules.keyring.fallback [1.24 14-c4f2d87113e1a2d2d4e21e8952e1f99612d5b3fd]
	org.netbeans.modules.keyring.impl [1.40 14-c4f2d87113e1a2d2d4e21e8952e1f99612d5b3fd]
	org.netbeans.modules.javascript2.debug/1 [1.34 14-c4f2d87113e1a2d2d4e21e8952e1f99612d5b3fd]
	org.netbeans.modules.javascript2.debug.ui/1 [1.19 14-c4f2d87113e1a2d2d4e21e8952e1f99612d5b3fd]
	org.netbeans.lib.v8debug/1 [1.32 14-c4f2d87113e1a2d2d4e21e8952e1f99612d5b3fd]
	org.netbeans.modules.javascript.v8debug/1 [1.26.0.1 1 14-c4f2d87113e1a2d2d4e21e8952e1f99612d5b3fd]
	org.netbeans.modules.javascript.v8debug.ui/1 [1.15.0.1 14-c4f2d87113e1a2d2d4e21e8952e1f99612d5b3fd]
	org.netbeans.modules.janitor [1.9 14-c4f2d87113e1a2d2d4e21e8952e1f99612d5b3fd]
	org.netbeans.modules.image/1 [1.64 14-c4f2d87113e1a2d2d4e21e8952e1f99612d5b3fd]
	org.netbeans.core.multitabs/1 [1.28.0.1 1 14-c4f2d87113e1a2d2d4e21e8952e1f99612d5b3fd]
	org.netbeans.modules.editor.bookmarks/1 [1.53 14-c4f2d87113e1a2d2d4e21e8952e1f99612d5b3fd]
	com.jcraft.jsch [0.1.72 0.1.72]
	org.netbeans.modules.dlight.nativeexecution [1.55.0.1 1 14-c4f2d87113e1a2d2d4e21e8952e1f99612d5b3fd]
	org.netbeans.modules.dlight.terminal [1.39.0.1 1 14-c4f2d87113e1a2d2d4e21e8952e1f99612d5b3fd]
	org.netbeans.core.multitabs.project [1.26.0.1.1 1 14-c4f2d87113e1a2d2d4e21e8952e1f99612d5b3fd]
	org.netbeans.modules.editor.search [1.41.0.0.55 0 14-c4f2d87113e1a2d2d4e21e8952e1f99612d5b3fd]
	org.netbeans.modules.html.editor.lib/3 [3.48 14-c4f2d87113e1a2d2d4e21e8952e1f99612d5b3fd]
	org.apache.commons.logging [1.2 1.2]
	org.netbeans.modules.html.parser/1 [1.50.0.1 1 14-c4f2d87113e1a2d2d4e21e8952e1f99612d5b3fd]
	org.netbeans.modules.html.validation/1 [1.47 14-c4f2d87113e1a2d2d4e21e8952e1f99612d5b3fd]
	org.netbeans.libs.antlr3.runtime [1.37.0.1 1 14-c4f2d87113e1a2d2d4e21e8952e1f99612d5b3fd]
	org.netbeans.modules.css.lib/1 [1.99 14-c4f2d87113e1a2d2d4e21e8952e1f99612d5b3fd]
	org.netbeans.modules.css.model [1.47 14-c4f2d87113e1a2d2d4e21e8952e1f99612d5b3fd]
	org.netbeans.modules.css.editor/1 [1.84 14-c4f2d87113e1a2d2d4e21e8952e1f99612d5b3fd]
	org.netbeans.modules.html/1 [1.77 14-c4f2d87113e1a2d2d4e21e8952e1f99612d5b3fd]
	org.netbeans.modules.html.editor/2 [2.72 14-c4f2d87113e1a2d2d4e21e8952e1f99612d5b3fd]
	org.netbeans.core.output2/1 [1.58 14-c4f2d87113e1a2d2d4e21e8952e1f99612d5b3fd]
	org.netbeans.modules.css.visual/3 [3.48 14-c4f2d87113e1a2d2d4e21e8952e1f99612d5b3fd]
	org.netbeans.modules.editor.autosave/1 [1.7 14-c4f2d87113e1a2d2d4e21e8952e1f99612d5b3fd]
	org.netbeans.modules.editor.kit [1.49 14-c4f2d87113e1a2d2d4e21e8952e1f99612d5b3fd]
	org.netbeans.modules.autoupdate.cli [1.30 14-c4f2d87113e1a2d2d4e21e8952e1f99612d5b3fd]
	org.netbeans.libs.felix [2.31 14-c4f2d87113e1a2d2d4e21e8952e1f99612d5b3fd]
	org.netbeans.modules.core.kit [1.47 14-c4f2d87113e1a2d2d4e21e8952e1f99612d5b3fd]
	org.netbeans.modules.defaults/1 [1.47 14-c4f2d87113e1a2d2d4e21e8952e1f99612d5b3fd]
	org.netbeans.modules.editor.macros/0 [1.47.0.1.23 1 14-c4f2d87113e1a2d2d4e21e8952e1f99612d5b3fd]
	org.netbeans.modules.editor.plain/2 [1.51 14-c4f2d87113e1a2d2d4e21e8952e1f99612d5b3fd]
	org.netbeans.modules.ide.kit [1.49 14-c4f2d87113e1a2d2d4e21e8952e1f99612d5b3fd]
	org.netbeans.modules.ide.ergonomics [1.43 14-c4f2d87113e1a2d2d4e21e8952e1f99612d5b3fd]
	org.netbeans.modules.autoupdate.pluginimporter [1.36 14-c4f2d87113e1a2d2d4e21e8952e1f99612d5b3fd]
	org.netbeans.modules.deadlock.detector [1.22 14-c4f2d87113e1a2d2d4e21e8952e1f99612d5b3fd]
	org.netbeans.modules.ide.branding/1 [1.48 14-c4f2d87113e1a2d2d4e21e8952e1f99612d5b3fd]
	org.netbeans.modules.ide.branding.kit [1.44 14-c4f2d87113e1a2d2d4e21e8952e1f99612d5b3fd]
	org.netbeans.libs.commons_net/2 [2.38.0.36 36 14-c4f2d87113e1a2d2d4e21e8952e1f99612d5b3fd]
	org.netbeans.modules.hudson [2.29 14-c4f2d87113e1a2d2d4e21e8952e1f99612d5b3fd]
	org.netbeans.modules.hudson.ui [1.27 14-c4f2d87113e1a2d2d4e21e8952e1f99612d5b3fd]
	org.netbeans.modules.hudson.tasklist [1.33 14-c4f2d87113e1a2d2d4e21e8952e1f99612d5b3fd]
	org.netbeans.modules.hudson.subversion [1.45 14-c4f2d87113e1a2d2d4e21e8952e1f99612d5b3fd]
	org.netbeans.modules.hudson.mercurial [1.45 14-c4f2d87113e1a2d2d4e21e8952e1f99612d5b3fd]
	org.netbeans.modules.hudson.git [1.34 14-c4f2d87113e1a2d2d4e21e8952e1f99612d5b3fd]
	org.netbeans.modules.html.custom [1.22 14-c4f2d87113e1a2d2d4e21e8952e1f99612d5b3fd]
	org.eclipse.jgit [5.7.0 5.7.0.202003110725-r]
	org.netbeans.libs.jsch.agentproxy/2 [1.0 14-c4f2d87113e1a2d2d4e21e8952e1f99612d5b3fd]
	org.netbeans.libs.git/1 [1.50 14-c4f2d87113e1a2d2d4e21e8952e1f99612d5b3fd]
	org.netbeans.modules.git [1.38.0.1 14-c4f2d87113e1a2d2d4e21e8952e1f99612d5b3fd]
	org.netbeans.modules.extexecution.process.jdk9 [1.16 14-c4f2d87113e1a2d2d4e21e8952e1f99612d5b3fd]
	org.netbeans.modules.extexecution.process [1.43 14-c4f2d87113e1a2d2d4e21e8952e1f99612d5b3fd]
	org.netbeans.modules.extexecution.impl [1.41 14-c4f2d87113e1a2d2d4e21e8952e1f99612d5b3fd]
	org.netbeans.modules.editor.mimelookup.impl/1 [1.48 14-c4f2d87113e1a2d2d4e21e8952e1f99612d5b3fd]
	org.netbeans.modules.editor.indent.project/0 [1.38 14-c4f2d87113e1a2d2d4e21e8952e1f99612d5b3fd]
	org.netbeans.modules.editor.global.format/1 [1.31.0.1 1 14-c4f2d87113e1a2d2d4e21e8952e1f99612d5b3fd]
	org.netbeans.libs.commons_compress/0 [0.22.0.181 181 14-c4f2d87113e1a2d2d4e21e8952e1f99612d5b3fd]
	libs.c.kohlschutter.junixsocket/1 [2.32 14-c4f2d87113e1a2d2d4e21e8952e1f99612d5b3fd]
	org.netbeans.modules.docker.api/0 [1.36 14-c4f2d87113e1a2d2d4e21e8952e1f99612d5b3fd]
	org.netbeans.modules.docker.ui/0 [1.16 14-c4f2d87113e1a2d2d4e21e8952e1f99612d5b3fd]
	org.netbeans.modules.docker.editor/0 [1.16 14-c4f2d87113e1a2d2d4e21e8952e1f99612d5b3fd]
	org.netbeans.modules.dlight.nativeexecution.nb [1.16 14-c4f2d87113e1a2d2d4e21e8952e1f99612d5b3fd]
	org.netbeans.modules.db.metadata.model/1 [1.27 14-c4f2d87113e1a2d2d4e21e8952e1f99612d5b3fd]
	org.netbeans.modules.db/1 [1.85.0.30 30 14-c4f2d87113e1a2d2d4e21e8952e1f99612d5b3fd]
	org.netbeans.modules.dbapi [1.50.0.30 14-c4f2d87113e1a2d2d4e21e8952e1f99612d5b3fd]
	org.netbeans.modules.derby [1.56 14-c4f2d87113e1a2d2d4e21e8952e1f99612d5b3fd]
	org.netbeans.api.visual [2.64 14-c4f2d87113e1a2d2d4e21e8952e1f99612d5b3fd]
	org.netbeans.modules.db.sql.visualeditor/1 [2.48.0.30 14-c4f2d87113e1a2d2d4e21e8952e1f99612d5b3fd]
	org.netbeans.modules.db.dataview [1.49 14-c4f2d87113e1a2d2d4e21e8952e1f99612d5b3fd]
	org.netbeans.modules.db.core [1.53 14-c4f2d87113e1a2d2d4e21e8952e1f99612d5b3fd]
	org.netbeans.modules.db.sql.editor [1.53.0.30 14-c4f2d87113e1a2d2d4e21e8952e1f99612d5b3fd]
	org.netbeans.modules.db.mysql [0.44.0.2 2 14-c4f2d87113e1a2d2d4e21e8952e1f99612d5b3fd]
	org.netbeans.modules.db.drivers [1.46 14-c4f2d87113e1a2d2d4e21e8952e1f99612d5b3fd]
	org.netbeans.modules.db.kit [1.46 14-c4f2d87113e1a2d2d4e21e8952e1f99612d5b3fd]
	org.netbeans.modules.css.prep [1.46 14-c4f2d87113e1a2d2d4e21e8952e1f99612d5b3fd]
	org.eclipse.mylyn.bugzilla.core [3.17.0 3.17.0.v20150828-2026]
	org.apache.commons.httpclient [3.1.0 3.1.0]
	org.netbeans.modules.bugzilla [1.93 14-c4f2d87113e1a2d2d4e21e8952e1f99612d5b3fd]
	org.netbeans.modules.bugtracking.bridge [1.61 14-c4f2d87113e1a2d2d4e21e8952e1f99612d5b3fd]
	org.netbeans.libs.graalsdk [1.16 14-c4f2d87113e1a2d2d4e21e8952e1f99612d5b3fd]
	org.netbeans.libs.truffleapi [1.16 14-c4f2d87113e1a2d2d4e21e8952e1f99612d5b3fd]
	org.netbeans.libs.svnClientAdapter.javahl/1 [1.40 14-c4f2d87113e1a2d2d4e21e8952e1f99612d5b3fd]
	org.netbeans.libs.jna.platform/2 [2.11 14-c4f2d87113e1a2d2d4e21e8952e1f99612d5b3fd]
	org.netbeans.libs.graaljs/2 [1.16 14-c4f2d87113e1a2d2d4e21e8952e1f99612d5b3fd]
	org.netbeans.libs.freemarker/1 [2.50.0.239 239 14-c4f2d87113e1a2d2d4e21e8952e1f99612d5b3fd]
	org.netbeans.core.network [1.28 14-c4f2d87113e1a2d2d4e21e8952e1f99612d5b3fd]
	org.netbeans.core.nativeaccess/1 [1.47 14-c4f2d87113e1a2d2d4e21e8952e1f99612d5b3fd]
	org.netbeans.core.io.ui/1 [1.46 14-c4f2d87113e1a2d2d4e21e8952e1f99612d5b3fd]
	org.netbeans.core.browser/1 [1.44.0.1 1 14-c4f2d87113e1a2d2d4e21e8952e1f99612d5b3fd]
	org.netbeans.api.progress.compat8 [1.63 14-c4f2d87113e1a2d2d4e21e8952e1f99612d5b3fd]
	org.eclipse.mylyn.commons.xmlrpc [3.17.0 3.17.0.v20150625-2042]
	org.eclipse.mylyn.commons.repositories.core [1.9.0 1.9.0.v20150625-2042]
	org.eclipse.mylyn.commons.core [3.17.0 3.17.0.v20150625-2042]
	org.eclipse.equinox.security [1.1.1 1.1.1.R37x_v20110822-1018]
	org.eclipse.equinox.registry [3.5.200 3.5.200.v20120522-1841]
	org.eclipse.equinox.preferences [3.4.2 3.4.2.v20120111-2020]
	org.eclipse.equinox.app [1.3.100 1.3.100.v20110321]
	org.eclipse.core.runtime.compatibility.auth [3.2.200 3.2.200.v20110110]
	org.eclipse.core.net [1.2.100 1.2.100.I20110511-0800]
	org.eclipse.core.contenttype [3.4.100 3.4.100.v20110423-0524]
	org.apache.xmlrpc [3.1.3 3.1.3]
	org.apache.ws.commons.util [1.0.1 1.0.1]
	org.apache.commons.lang [2.6 2.6]
	org.apache.commons.codec [1.15.0 1.15.0]
	com.jcraft.jzlib [1.1.3 1.1.3]
	com.googlecode.javaewah.JavaEWAH [1.1.6 1.1.6]
	bcprov [1.70 1.70]
	bcpg [1.70 1.70]
INFO [org.netbeans.core.netigso.Netigso]: bundle org.apache.commons.io@2.6.0 resolved
INFO [org.netbeans.core.netigso.Netigso]: bundle bcutil@1.70.0 resolved
INFO [org.netbeans.core.netigso.Netigso]: bundle org.apache.commons.lang3@3.12.0 resolved
INFO [org.netbeans.core.netigso.Netigso]: bundle org.eclipse.mylyn.wikitext.textile.core@2.6.0.v20150901-2143 resolved
INFO [org.netbeans.core.netigso.Netigso]: bundle org.eclipse.mylyn.wikitext.markdown.core@2.6.0.v20150901-2143 resolved
INFO [org.netbeans.core.netigso.Netigso]: bundle net.java.html.json@1.7.3 resolved
INFO [org.netbeans.core.netigso.Netigso]: bundle org.netbeans.html.ko4j@1.7.3 resolved
INFO [org.netbeans.core.netigso.Netigso]: bundle net.java.html@1.7.3 resolved
INFO [org.netbeans.core.netigso.Netigso]: bundle net.java.html.boot.fx@1.7.3 resolved
INFO [org.netbeans.core.netigso.Netigso]: bundle net.java.html.boot@1.7.3 resolved
INFO [org.netbeans.core.netigso.Netigso]: bundle net.java.html.sound@1.7.3 resolved
INFO [org.netbeans.core.netigso.Netigso]: bundle net.java.html.geo@1.7.3 resolved
INFO [org.netbeans.core.netigso.Netigso]: bundle org.netbeans.html.xhr4j@1.7.3 resolved
INFO [org.netbeans.core.netigso.Netigso]: bundle org.eclipse.mylyn.wikitext.confluence.core@2.6.0.v20150901-2143 resolved
INFO [org.netbeans.core.netigso.Netigso]: bundle org.netbeans.html.presenters.spi@1.7.3 resolved
INFO [org.netbeans.core.netigso.Netigso]: bundle bcpkix@1.70.0 resolved
INFO [org.netbeans.core.netigso.Netigso]: bundle net.java.html.boot.script@1.7.3 resolved
INFO [org.netbeans.core.netigso.Netigso]: bundle org.eclipse.osgi@3.9.1.v20140110-1610 started
INFO [org.netbeans.core.network.proxy.NetworkProxyReloader]: System network proxy resolver: Windows
INFO [org.netbeans.core.network.proxy.windows.WindowsNetworkProxy]: Windows system proxy resolver: auto detect
INFO [org.netbeans.core.network.proxy.NetworkProxyReloader]: System network proxy reloading succeeded.
INFO [org.netbeans.core.network.proxy.NetworkProxyReloader]: System network proxy - mode: direct
INFO [org.netbeans.core.network.proxy.NetworkProxyReloader]: System network proxy: fell to default (correct if direct mode went before)
INFO [org.openide.awt.Toolbar]: Too long AWTTask: 625 ms for org.openide.awt.MenuBar$MenuBarFolder@4e3fc34e(FolderList{MultiFileObject@5b9dca7c[Menu]})
INFO [org.netbeans.ui.metrics.laf]: USG_LOOK_AND_FEEL
Diagnostic information
Input arguments:
	-Dnetbeans.importclass=org.netbeans.upgrade.AutoUpgrade
	-XX:+UseStringDeduplication
	-Xss2m
	-Dapple.laf.useScreenMenuBar=true
	-Dapple.awt.graphics.UseQuartz=true
	-Dsun.java2d.noddraw=true
	-Dsun.java2d.dpiaware=true
	-Dsun.zip.disableMemoryMapping=true
	-Dplugin.manager.check.updates=false
	-Dnetbeans.extbrowser.manual_chrome_plugin_install=yes
	--add-opens=java.base/java.net=ALL-UNNAMED
	--add-opens=java.base/java.lang.ref=ALL-UNNAMED
	--add-opens=java.base/java.lang=ALL-UNNAMED
	--add-opens=java.base/java.security=ALL-UNNAMED
	--add-opens=java.base/java.util=ALL-UNNAMED
	--add-opens=java.base/java.nio=ALL-UNNAMED
	--add-exports=java.base/sun.reflect.annotation=ALL-UNNAMED
	--add-opens=java.prefs/java.util.prefs=ALL-UNNAMED
	--add-opens=java.desktop/javax.swing.plaf.basic=ALL-UNNAMED
	--add-opens=java.desktop/javax.swing.text=ALL-UNNAMED
	--add-opens=java.desktop/javax.swing=ALL-UNNAMED
	--add-opens=java.desktop/java.awt=ALL-UNNAMED
	--add-opens=java.desktop/java.awt.event=ALL-UNNAMED
	--add-opens=java.desktop/sun.awt.X11=ALL-UNNAMED
	--add-opens=java.desktop/javax.swing.plaf.synth=ALL-UNNAMED
	--add-opens=java.desktop/com.sun.java.swing.plaf.gtk=ALL-UNNAMED
	--add-opens=java.desktop/sun.awt.shell=ALL-UNNAMED
	--add-opens=java.desktop/sun.awt.im=ALL-UNNAMED
	--add-exports=java.desktop/sun.awt=ALL-UNNAMED
	--add-exports=java.desktop/java.awt.peer=ALL-UNNAMED
	--add-exports=java.desktop/com.sun.beans.editors=ALL-UNNAMED
	--add-exports=java.desktop/sun.swing=ALL-UNNAMED
	--add-exports=java.desktop/sun.awt.im=ALL-UNNAMED
	--add-exports=java.desktop/com.sun.java.swing.plaf.motif=ALL-UNNAMED
	--add-exports=java.desktop/com.apple.eio=ALL-UNNAMED
	--add-opens=jdk.compiler/com.sun.tools.javac.api=ALL-UNNAMED
	--add-opens=jdk.compiler/com.sun.tools.javac.code=ALL-UNNAMED
	--add-opens=jdk.compiler/com.sun.tools.javac.comp=ALL-UNNAMED
	--add-opens=jdk.compiler/com.sun.tools.javac.file=ALL-UNNAMED
	--add-opens=jdk.compiler/com.sun.tools.javac.jvm=ALL-UNNAMED
	--add-opens=jdk.compiler/com.sun.tools.javac.main=ALL-UNNAMED
	--add-opens=jdk.compiler/com.sun.tools.javac.model=ALL-UNNAMED
	--add-opens=jdk.compiler/com.sun.tools.javac.parser=ALL-UNNAMED
	--add-opens=jdk.compiler/com.sun.tools.javac.processing=ALL-UNNAMED
	--add-opens=jdk.compiler/com.sun.tools.javac.tree=ALL-UNNAMED
	--add-opens=jdk.compiler/com.sun.tools.javac.util=ALL-UNNAMED
	--add-exports=jdk.compiler/com.sun.tools.javac.api=ALL-UNNAMED
	--add-exports=jdk.compiler/com.sun.tools.javac.code=ALL-UNNAMED
	--add-exports=jdk.compiler/com.sun.tools.javac.comp=ALL-UNNAMED
	--add-exports=jdk.compiler/com.sun.tools.javac.file=ALL-UNNAMED
	--add-exports=jdk.compiler/com.sun.tools.javac.jvm=ALL-UNNAMED
	--add-exports=jdk.compiler/com.sun.tools.javac.main=ALL-UNNAMED
	--add-exports=jdk.compiler/com.sun.tools.javac.model=ALL-UNNAMED
	--add-exports=jdk.compiler/com.sun.tools.javac.parser=ALL-UNNAMED
	--add-exports=jdk.compiler/com.sun.tools.javac.processing=ALL-UNNAMED
	--add-exports=jdk.compiler/com.sun.tools.javac.tree=ALL-UNNAMED
	--add-exports=jdk.compiler/com.sun.tools.javac.util=ALL-UNNAMED
	--add-modules=jdk.jshell
	--add-opens=jdk.jshell/jdk.jshell=ALL-UNNAMED
	--add-exports=jdk.jdeps/com.sun.tools.classfile=ALL-UNNAMED
	--add-exports=jdk.jdeps/com.sun.tools.javap=ALL-UNNAMED
	--add-exports=jdk.internal.jvmstat/sun.jvmstat.monitor=ALL-UNNAMED
	--add-exports=java.management/sun.management=ALL-UNNAMED
	-XX:+IgnoreUnrecognizedVMOptions
	-Djdk.home=C:\Program Files\Java\jdk-11.0.4
	-Dnetbeans.home=C:\Program Files\NetBeans-14\netbeans\platform
	-Dnetbeans.user=C:\Users\yann.montenot\Documents\montenotyann.github.sio
	-Dnetbeans.default_userdir_root=C:\Users\yann.montenot\AppData\Roaming\NetBeans
	-XX:+HeapDumpOnOutOfMemoryError
	-XX:HeapDumpPath=C:\Users\yann.montenot\Documents\montenotyann.github.sio\var\log\heapdump.hprof
	-Dsun.awt.keepWorkingSetOnMinimize=true
	-Djava.security.manager=allow
	-Dnetbeans.dirs=C:\Program Files\NetBeans-14\netbeans\nb;C:\Program Files\NetBeans-14\netbeans\ergonomics;C:\Program Files\NetBeans-14\netbeans\ide;C:\Program Files\NetBeans-14\netbeans\extide;C:\Program Files\NetBeans-14\netbeans\java;C:\Program Files\NetBeans-14\netbeans\apisupport;C:\Program Files\NetBeans-14\netbeans\webcommon;C:\Program Files\NetBeans-14\netbeans\websvccommon;C:\Program Files\NetBeans-14\netbeans\enterprise;C:\Program Files\NetBeans-14\netbeans\mobility;C:\Program Files\NetBeans-14\netbeans\profiler;C:\Program Files\NetBeans-14\netbeans\python;C:\Program Files\NetBeans-14\netbeans\php;C:\Program Files\NetBeans-14\netbeans\identity;C:\Program Files\NetBeans-14\netbeans\harness;C:\Program Files\NetBeans-14\netbeans\cnd;C:\Program Files\NetBeans-14\netbeans\cndext;C:\Program Files\NetBeans-14\netbeans\cpplite;C:\Program Files\NetBeans-14\netbeans\dlight;C:\Program Files\NetBeans-14\netbeans\groovy;C:\Program Files\NetBeans-14\netbeans\extra;C:\Program Files\NetBeans-14\netbeans\javacard;C:\Program Files\NetBeans-14\netbeans\javafx
Compiler: HotSpot 64-Bit Tiered Compilers
Heap memory usage: initial 256,0MB maximum 4068,0MB
Non heap memory usage: initial 7,3MB maximum -1b
Garbage collector: G1 Young Generation (Collections=10 Total time spent=0s)
Garbage collector: G1 Old Generation (Collections=0 Total time spent=0s)
Classes: loaded=8521 total loaded=8521 unloaded 0
INFO [org.netbeans.core.ui.warmup.DiagnosticTask]: Total memory 17 058 099 200
INFO [null]: Total physical memory 17 058 099 200
INFO [org.netbeans.ui.indexing]: Indexing started, time from last indexing 0 ms.
INFO [org.netbeans.core.netigso.Netigso]: bundle org.eclipse.osgi@3.9.1.v20140110-1610 256
INFO [org.netbeans.core.netigso.Netigso]: bundle org.eclipse.osgi@3.9.1.v20140110-1610 stopped
INFO [null]: Last record repeated again.
INFO [org.netbeans.ui.indexing]: Indexing finished, indexing took 31 ms.
